<?xml version="1.0" encoding="UTF-8"?>
<!-- Generated by org.testng.reporters.JUnitReportReporter -->
<testsuite skipped="0" hostname="LAPTOP-3FHCFQD6" name="com.assesment.TestCases.TestOne" tests="1" failures="0" timestamp="28 Apr 2023 16:43:56 GMT" time="286.405" errors="0">
  <testcase name="gettingPricesOfGivenProducts" time="286.405" classname="com.assesment.TestCases.TestOne"/>
</testsuite> <!-- com.assesment.TestCases.TestOne -->
